<?xml version="1.0" encoding="UTF-8"?>
<!-- Generated by org.testng.reporters.JUnitReportReporter -->
<testsuite hostname="KakumaniShanvi" failures="0" tests="1" name="com.Demoqa.Testcases.Testcasessaucedemo" time="3.484" errors="0" timestamp="2024-08-08T17:09:40 GST" skipped="0">
  <testcase classname="com.Demoqa.Testcases.Testcasessaucedemo" name="Addproductssaucedemo" time="3.484"/>
  <system-out/>
</testsuite> <!-- com.Demoqa.Testcases.Testcasessaucedemo -->
