<?xml version="1.0" encoding="UTF-8"?>
<!-- Generated by org.testng.reporters.JUnitReportReporter -->
<testsuite hostname="KakumaniShanvi" failures="0" tests="1" name="com.Demoqa.Testcases.TestCases" time="26.196" errors="0" timestamp="2024-08-08T14:06:31 GST" skipped="0">
  <testcase classname="com.Demoqa.Testcases.TestCases" name="AddingMobiles" time="26.196"/>
  <system-out/>
</testsuite> <!-- com.Demoqa.Testcases.TestCases -->
